[7m>>>   Finalizing target directory[27m
mkdir -p /root/sdk/buildroot/out_beaglebone_qt5/target/etc
echo "buildroot" > /root/sdk/buildroot/out_beaglebone_qt5/target/etc/hostname
/bin/sed -i -e '$a \127.0.1.1\tbuildroot' -e '/^127.0.1.1/d' /root/sdk/buildroot/out_beaglebone_qt5/target/etc/hosts
mkdir -p /root/sdk/buildroot/out_beaglebone_qt5/target/etc
echo "Welcome to Buildroot" > /root/sdk/buildroot/out_beaglebone_qt5/target/etc/issue
mkdir -p /root/sdk/buildroot/out_beaglebone_qt5/target/etc/network/
( echo "# interface file auto-generated by buildroot"; echo ; echo "auto lo"; echo "iface lo inet loopback"; ) > /root/sdk/buildroot/out_beaglebone_qt5/target/etc/network/interfaces
/bin/sed -i -e s,^root:[^:]*:,root::, /root/sdk/buildroot/out_beaglebone_qt5/target/etc/shadow
ln -sf busybox /root/sdk/buildroot/out_beaglebone_qt5/target/bin/sh
/bin/sed -i -e '/# GENERIC_SERIAL$/s~^.*#~ttyO0::respawn:/sbin/getty -L  ttyO0 0 vt100 #~' /root/sdk/buildroot/out_beaglebone_qt5/target/etc/inittab
/bin/sed -i -e '/^#.*-o remount,rw \/$/s~^#\+~~' /root/sdk/buildroot/out_beaglebone_qt5/target/etc/inittab
rm -f /root/sdk/buildroot/out_beaglebone_qt5/build/locales.nopurge
for i in C en_US locale-archive; do echo $i >> /root/sdk/buildroot/out_beaglebone_qt5/build/locales.nopurge; done
for dir in /root/sdk/buildroot/out_beaglebone_qt5/target/usr/share/locale; do for langdir in $dir/*; do if [ -e "${langdir}" ]; then grep -qx "${langdir##*/}" /root/sdk/buildroot/out_beaglebone_qt5/build/locales.nopurge || rm -rf $langdir; fi done; done
if [ -d /root/sdk/buildroot/out_beaglebone_qt5/target/usr/share/X11/locale ]; then for lang in C en_US; do if [ -f /root/sdk/buildroot/out_beaglebone_qt5/target/usr/share/X11/locale/$lang/XLC_LOCALE ]; then echo "$lang/XLC_LOCALE: $lang"; fi done > /root/sdk/buildroot/out_beaglebone_qt5/target/usr/share/X11/locale/locale.dir; fi
rm -rf /root/sdk/buildroot/out_beaglebone_qt5/target/usr/include /root/sdk/buildroot/out_beaglebone_qt5/target/usr/share/aclocal \
		/root/sdk/buildroot/out_beaglebone_qt5/target/usr/lib/pkgconfig /root/sdk/buildroot/out_beaglebone_qt5/target/usr/share/pkgconfig \
		/root/sdk/buildroot/out_beaglebone_qt5/target/usr/lib/cmake /root/sdk/buildroot/out_beaglebone_qt5/target/usr/share/cmake
find /root/sdk/buildroot/out_beaglebone_qt5/target/usr/{lib,share}/ -name '*.cmake' -print0 | xargs -0 rm -f
find /root/sdk/buildroot/out_beaglebone_qt5/target/lib/ /root/sdk/buildroot/out_beaglebone_qt5/target/usr/lib/ /root/sdk/buildroot/out_beaglebone_qt5/target/usr/libexec/ \
		\( -name '*.a' -o -name '*.la' \) -print0 | xargs -0 rm -f
find: `/root/sdk/buildroot/out_beaglebone_qt5/target/usr/libexec/': No such file or directory
rm -rf /root/sdk/buildroot/out_beaglebone_qt5/target/usr/share/gdb
rm -rf /root/sdk/buildroot/out_beaglebone_qt5/target/usr/share/bash-completion
rm -rf /root/sdk/buildroot/out_beaglebone_qt5/target/usr/share/zsh
rm -rf /root/sdk/buildroot/out_beaglebone_qt5/target/usr/man /root/sdk/buildroot/out_beaglebone_qt5/target/usr/share/man
rm -rf /root/sdk/buildroot/out_beaglebone_qt5/target/usr/info /root/sdk/buildroot/out_beaglebone_qt5/target/usr/share/info
rm -rf /root/sdk/buildroot/out_beaglebone_qt5/target/usr/doc /root/sdk/buildroot/out_beaglebone_qt5/target/usr/share/doc
rm -rf /root/sdk/buildroot/out_beaglebone_qt5/target/usr/share/gtk-doc
rmdir /root/sdk/buildroot/out_beaglebone_qt5/target/usr/share 2>/dev/null || true
find /root/sdk/buildroot/out_beaglebone_qt5/target -type f \( -perm /111 -o -name '*.so*' \) -not \( -name 'libpthread*.so*' -o -name 'ld-*.so*' -o -name '*.ko' \) -print0 | xargs -0 /root/sdk/buildroot/out_beaglebone_qt5/host/usr/bin/arm-buildroot-linux-gnueabihf-strip --remove-section=.comment --remove-section=.note 2>/dev/null || true
find /root/sdk/buildroot/out_beaglebone_qt5/target/lib/ -type f -name 'libpthread*.so*' | \
		xargs -r /root/sdk/buildroot/out_beaglebone_qt5/host/usr/bin/arm-buildroot-linux-gnueabihf-strip --remove-section=.comment --remove-section=.note --strip-debug
find /root/sdk/buildroot/out_beaglebone_qt5/target/lib/ -type f -name 'ld-*.so*' | \
		xargs -r /root/sdk/buildroot/out_beaglebone_qt5/host/usr/bin/arm-buildroot-linux-gnueabihf-strip --remove-section=.comment --remove-section=.note --strip-debug
test -f /root/sdk/buildroot/out_beaglebone_qt5/target/etc/ld.so.conf && \
		{ echo "ERROR: we shouldn't have a /etc/ld.so.conf file"; exit 1; } || true
test -d /root/sdk/buildroot/out_beaglebone_qt5/target/etc/ld.so.conf.d && \
		{ echo "ERROR: we shouldn't have a /etc/ld.so.conf.d directory"; exit 1; } || true
mkdir -p /root/sdk/buildroot/out_beaglebone_qt5/target/etc
( \
		echo "NAME=Buildroot"; \
		echo "VERSION=2017.05-git-00464-g72aa4ff"; \
		echo "ID=buildroot"; \
		echo "VERSION_ID=2017.05-git"; \
		echo "PRETTY_NAME=\"Buildroot 2017.05-git\"" \
	) >  /root/sdk/buildroot/out_beaglebone_qt5/target/etc/os-release
[7m>>>   Generating root filesystem image rootfs.ext2[27m
rm -f /root/sdk/buildroot/out_beaglebone_qt5/build/_fakeroot.fs
rm -f /root/sdk/buildroot/out_beaglebone_qt5/target/THIS_IS_NOT_YOUR_ROOT_FILESYSTEM
rm -f /root/sdk/buildroot/out_beaglebone_qt5/build/_users_table.txt
echo '#!/bin/sh' > /root/sdk/buildroot/out_beaglebone_qt5/build/_fakeroot.fs
echo "set -e" >> /root/sdk/buildroot/out_beaglebone_qt5/build/_fakeroot.fs
echo "chown -h -R 0:0 /root/sdk/buildroot/out_beaglebone_qt5/target" >> /root/sdk/buildroot/out_beaglebone_qt5/build/_fakeroot.fs
printf '   	- - input -1 * - - - Input device group\n\n' >> /root/sdk/buildroot/out_beaglebone_qt5/build/_users_table.txt
PATH="/root/sdk/buildroot/out_beaglebone_qt5/host/bin:/root/sdk/buildroot/out_beaglebone_qt5/host/sbin:/root/sdk/buildroot/out_beaglebone_qt5/host/usr/bin:/root/sdk/buildroot/out_beaglebone_qt5/host/usr/sbin:/usr/lib/lightdm/lightdm:/usr/local/sbin:/usr/local/bin:/usr/sbin:/usr/bin:/sbin:/bin:/usr/games:/root/Desktop/T16358_project/linux-devkit_arm-2011.03/bin" /root/sdk/buildroot/support/scripts/mkusers /root/sdk/buildroot/out_beaglebone_qt5/build/_users_table.txt /root/sdk/buildroot/out_beaglebone_qt5/target >> /root/sdk/buildroot/out_beaglebone_qt5/build/_fakeroot.fs
cat system/device_table.txt > /root/sdk/buildroot/out_beaglebone_qt5/build/_device_table.txt
printf '   	/bin/busybox                     f 4755 0  0 - - - - -\n /dev/console c 622 0 0 5 1 - - -\n\n' >> /root/sdk/buildroot/out_beaglebone_qt5/build/_device_table.txt
echo "/root/sdk/buildroot/out_beaglebone_qt5/host/usr/bin/makedevs -d /root/sdk/buildroot/out_beaglebone_qt5/build/_device_table.txt /root/sdk/buildroot/out_beaglebone_qt5/target" >> /root/sdk/buildroot/out_beaglebone_qt5/build/_fakeroot.fs
printf '   	PATH="/root/sdk/buildroot/out_beaglebone_qt5/host/bin:/root/sdk/buildroot/out_beaglebone_qt5/host/sbin:/root/sdk/buildroot/out_beaglebone_qt5/host/usr/bin:/root/sdk/buildroot/out_beaglebone_qt5/host/usr/sbin:/usr/lib/lightdm/lightdm:/usr/local/sbin:/usr/local/bin:/usr/sbin:/usr/bin:/sbin:/bin:/usr/games:/root/Desktop/T16358_project/linux-devkit_arm-2011.03/bin" mke2img -d /root/sdk/buildroot/out_beaglebone_qt5/target -G 4 -R 1 -B 0 -I 0 -o /root/sdk/buildroot/out_beaglebone_qt5/images/rootfs.ext2\n' >> /root/sdk/buildroot/out_beaglebone_qt5/build/_fakeroot.fs
chmod a+x /root/sdk/buildroot/out_beaglebone_qt5/build/_fakeroot.fs
PATH="/root/sdk/buildroot/out_beaglebone_qt5/host/bin:/root/sdk/buildroot/out_beaglebone_qt5/host/sbin:/root/sdk/buildroot/out_beaglebone_qt5/host/usr/bin:/root/sdk/buildroot/out_beaglebone_qt5/host/usr/sbin:/usr/lib/lightdm/lightdm:/usr/local/sbin:/usr/local/bin:/usr/sbin:/usr/bin:/sbin:/bin:/usr/games:/root/Desktop/T16358_project/linux-devkit_arm-2011.03/bin" /root/sdk/buildroot/out_beaglebone_qt5/host/usr/bin/fakeroot -- /root/sdk/buildroot/out_beaglebone_qt5/build/_fakeroot.fs
rootdir=/root/sdk/buildroot/out_beaglebone_qt5/target
table='/root/sdk/buildroot/out_beaglebone_qt5/build/_device_table.txt'
tune2fs 1.43.4 (31-Jan-2017)
tune2fs 1.43.4 (31-Jan-2017)

Please run e2fsck -f on the filesystem.

Creating journal inode: done
This filesystem will be automatically checked every 20 mounts or
0 days, whichever comes first.  Use tune2fs -c or -i to override.

mke2img: e2fsck was successfully run on '/root/sdk/buildroot/out_beaglebone_qt5/images/rootfs.ext2' (ext4)

tune2fs 1.43.4 (31-Jan-2017)
Setting maximal mount count to -1
Setting interval between checks to 0 seconds
/usr/bin/install -m 0644 support/misc/target-dir-warning.txt /root/sdk/buildroot/out_beaglebone_qt5/target/THIS_IS_NOT_YOUR_ROOT_FILESYSTEM
ln -sf rootfs.ext2 /root/sdk/buildroot/out_beaglebone_qt5/images/rootfs.ext4
[7m>>>   Generating root filesystem image rootfs.tar[27m
rm -f /root/sdk/buildroot/out_beaglebone_qt5/build/_fakeroot.fs
rm -f /root/sdk/buildroot/out_beaglebone_qt5/target/THIS_IS_NOT_YOUR_ROOT_FILESYSTEM
rm -f /root/sdk/buildroot/out_beaglebone_qt5/build/_users_table.txt
echo '#!/bin/sh' > /root/sdk/buildroot/out_beaglebone_qt5/build/_fakeroot.fs
echo "set -e" >> /root/sdk/buildroot/out_beaglebone_qt5/build/_fakeroot.fs
echo "chown -h -R 0:0 /root/sdk/buildroot/out_beaglebone_qt5/target" >> /root/sdk/buildroot/out_beaglebone_qt5/build/_fakeroot.fs
printf '   	- - input -1 * - - - Input device group\n\n' >> /root/sdk/buildroot/out_beaglebone_qt5/build/_users_table.txt
PATH="/root/sdk/buildroot/out_beaglebone_qt5/host/bin:/root/sdk/buildroot/out_beaglebone_qt5/host/sbin:/root/sdk/buildroot/out_beaglebone_qt5/host/usr/bin:/root/sdk/buildroot/out_beaglebone_qt5/host/usr/sbin:/usr/lib/lightdm/lightdm:/usr/local/sbin:/usr/local/bin:/usr/sbin:/usr/bin:/sbin:/bin:/usr/games:/root/Desktop/T16358_project/linux-devkit_arm-2011.03/bin" /root/sdk/buildroot/support/scripts/mkusers /root/sdk/buildroot/out_beaglebone_qt5/build/_users_table.txt /root/sdk/buildroot/out_beaglebone_qt5/target >> /root/sdk/buildroot/out_beaglebone_qt5/build/_fakeroot.fs
cat system/device_table.txt > /root/sdk/buildroot/out_beaglebone_qt5/build/_device_table.txt
printf '   	/bin/busybox                     f 4755 0  0 - - - - -\n /dev/console c 622 0 0 5 1 - - -\n\n' >> /root/sdk/buildroot/out_beaglebone_qt5/build/_device_table.txt
echo "/root/sdk/buildroot/out_beaglebone_qt5/host/usr/bin/makedevs -d /root/sdk/buildroot/out_beaglebone_qt5/build/_device_table.txt /root/sdk/buildroot/out_beaglebone_qt5/target" >> /root/sdk/buildroot/out_beaglebone_qt5/build/_fakeroot.fs
printf '   	(cd /root/sdk/buildroot/out_beaglebone_qt5/target; find -print0 | LC_ALL=C sort -z | tar  -cf /root/sdk/buildroot/out_beaglebone_qt5/images/rootfs.tar --null --no-recursion -T - --numeric-owner)\n' >> /root/sdk/buildroot/out_beaglebone_qt5/build/_fakeroot.fs
chmod a+x /root/sdk/buildroot/out_beaglebone_qt5/build/_fakeroot.fs
PATH="/root/sdk/buildroot/out_beaglebone_qt5/host/bin:/root/sdk/buildroot/out_beaglebone_qt5/host/sbin:/root/sdk/buildroot/out_beaglebone_qt5/host/usr/bin:/root/sdk/buildroot/out_beaglebone_qt5/host/usr/sbin:/usr/lib/lightdm/lightdm:/usr/local/sbin:/usr/local/bin:/usr/sbin:/usr/bin:/sbin:/bin:/usr/games:/root/Desktop/T16358_project/linux-devkit_arm-2011.03/bin" /root/sdk/buildroot/out_beaglebone_qt5/host/usr/bin/fakeroot -- /root/sdk/buildroot/out_beaglebone_qt5/build/_fakeroot.fs
rootdir=/root/sdk/buildroot/out_beaglebone_qt5/target
table='/root/sdk/buildroot/out_beaglebone_qt5/build/_device_table.txt'
/usr/bin/install -m 0644 support/misc/target-dir-warning.txt /root/sdk/buildroot/out_beaglebone_qt5/target/THIS_IS_NOT_YOUR_ROOT_FILESYSTEM
[7m>>>   Executing post-image script board/beaglebone/post-image.sh[27m
vfat(boot.vfat): adding file 'MLO' as 'MLO' ...
vfat(boot.vfat): adding file 'u-boot.img' as 'u-boot.img' ...
vfat(boot.vfat): adding file 'zImage' as 'zImage' ...
vfat(boot.vfat): adding file 'uEnv.txt' as 'uEnv.txt' ...
vfat(boot.vfat): adding file 'am335x-evm.dtb' as 'am335x-evm.dtb' ...
vfat(boot.vfat): adding file 'am335x-evmsk.dtb' as 'am335x-evmsk.dtb' ...
vfat(boot.vfat): adding file 'am335x-bone.dtb' as 'am335x-bone.dtb' ...
vfat(boot.vfat): adding file 'am335x-boneblack.dtb' as 'am335x-boneblack.dtb' ...
hdimage(sdcard.img): adding partition 'u-boot' (in MBR) from 'boot.vfat' ...
hdimage(sdcard.img): adding partition 'rootfs' (in MBR) from 'rootfs.ext4' ...
hdimage(sdcard.img): writing MBR
